07:36:14,467  INFO ClassPathXmlApplicationContext:495 - Refreshing org.springframework.context.support.ClassPathXmlApplicationContext@3c6210fb: startup date [Fri May 03 07:36:14 CDT 2013]; root of context hierarchy
07:36:14,569  INFO XmlBeanDefinitionReader:315 - Loading XML bean definitions from class path resource [model/context/applicationContext.xml]
07:36:15,488  INFO PropertyPlaceholderConfigurer:177 - Loading properties file from class path resource [model/database/jdbc.properties]
07:36:15,576  INFO DefaultListableBeanFactory:557 - Pre-instantiating singletons in org.springframework.beans.factory.support.DefaultListableBeanFactory@2ee391c4: defining beans [org.springframework.context.annotation.internalConfigurationAnnotationProcessor,org.springframework.context.annotation.internalAutowiredAnnotationProcessor,org.springframework.context.annotation.internalRequiredAnnotationProcessor,org.springframework.context.annotation.internalCommonAnnotationProcessor,org.springframework.context.annotation.internalPersistenceAnnotationProcessor,mobileAuthenticationService,menuDAO,usuarioWebmxDAO,authenticationService,menuService,confSistemaDAO,confSistemaService,confQueryDAO,confQueryService,mexWebDatasource,mexWebSessionFactory,org.springframework.aop.config.internalAutoProxyCreator,org.springframework.transaction.annotation.AnnotationTransactionAttributeSource#0,org.springframework.transaction.interceptor.TransactionInterceptor#0,org.springframework.transaction.config.internalTransactionAdvisor,mexWebTransactionManager,dataSource,sessionFactory,transactionManager,org.springframework.beans.factory.config.PropertyPlaceholderConfigurer#0,org.springframework.context.annotation.ConfigurationClassPostProcessor$ImportAwareBeanPostProcessor#0]; root of factory hierarchy
07:36:15,624  INFO DefaultListableBeanFactory:433 - Destroying singletons in org.springframework.beans.factory.support.DefaultListableBeanFactory@2ee391c4: defining beans [org.springframework.context.annotation.internalConfigurationAnnotationProcessor,org.springframework.context.annotation.internalAutowiredAnnotationProcessor,org.springframework.context.annotation.internalRequiredAnnotationProcessor,org.springframework.context.annotation.internalCommonAnnotationProcessor,org.springframework.context.annotation.internalPersistenceAnnotationProcessor,mobileAuthenticationService,menuDAO,usuarioWebmxDAO,authenticationService,menuService,confSistemaDAO,confSistemaService,confQueryDAO,confQueryService,mexWebDatasource,mexWebSessionFactory,org.springframework.aop.config.internalAutoProxyCreator,org.springframework.transaction.annotation.AnnotationTransactionAttributeSource#0,org.springframework.transaction.interceptor.TransactionInterceptor#0,org.springframework.transaction.config.internalTransactionAdvisor,mexWebTransactionManager,dataSource,sessionFactory,transactionManager,org.springframework.beans.factory.config.PropertyPlaceholderConfigurer#0,org.springframework.context.annotation.ConfigurationClassPostProcessor$ImportAwareBeanPostProcessor#0]; root of factory hierarchy
07:41:19,851  INFO ClassPathXmlApplicationContext:495 - Refreshing org.springframework.context.support.ClassPathXmlApplicationContext@11e7c5cb: startup date [Fri May 03 07:41:19 CDT 2013]; root of context hierarchy
07:41:19,991  INFO XmlBeanDefinitionReader:315 - Loading XML bean definitions from class path resource [model/context/applicationContext.xml]
07:41:20,978  INFO PropertyPlaceholderConfigurer:177 - Loading properties file from class path resource [model/database/jdbc.properties]
07:41:21,062  INFO DefaultListableBeanFactory:557 - Pre-instantiating singletons in org.springframework.beans.factory.support.DefaultListableBeanFactory@62135133: defining beans [org.springframework.context.annotation.internalConfigurationAnnotationProcessor,org.springframework.context.annotation.internalAutowiredAnnotationProcessor,org.springframework.context.annotation.internalRequiredAnnotationProcessor,org.springframework.context.annotation.internalCommonAnnotationProcessor,org.springframework.context.annotation.internalPersistenceAnnotationProcessor,mobileAuthenticationService,menuDAO,usuarioWebmxDAO,authenticationService,menuService,confSistemaDAO,confSistemaService,confQueryDAO,confQueryService,mexWebDatasource,mexWebSessionFactory,org.springframework.aop.config.internalAutoProxyCreator,org.springframework.transaction.annotation.AnnotationTransactionAttributeSource#0,org.springframework.transaction.interceptor.TransactionInterceptor#0,org.springframework.transaction.config.internalTransactionAdvisor,mexWebTransactionManager,dataSource,sessionFactory,transactionManager,org.springframework.beans.factory.config.PropertyPlaceholderConfigurer#0,org.springframework.context.annotation.ConfigurationClassPostProcessor$ImportAwareBeanPostProcessor#0]; root of factory hierarchy
07:41:21,109  INFO DefaultListableBeanFactory:433 - Destroying singletons in org.springframework.beans.factory.support.DefaultListableBeanFactory@62135133: defining beans [org.springframework.context.annotation.internalConfigurationAnnotationProcessor,org.springframework.context.annotation.internalAutowiredAnnotationProcessor,org.springframework.context.annotation.internalRequiredAnnotationProcessor,org.springframework.context.annotation.internalCommonAnnotationProcessor,org.springframework.context.annotation.internalPersistenceAnnotationProcessor,mobileAuthenticationService,menuDAO,usuarioWebmxDAO,authenticationService,menuService,confSistemaDAO,confSistemaService,confQueryDAO,confQueryService,mexWebDatasource,mexWebSessionFactory,org.springframework.aop.config.internalAutoProxyCreator,org.springframework.transaction.annotation.AnnotationTransactionAttributeSource#0,org.springframework.transaction.interceptor.TransactionInterceptor#0,org.springframework.transaction.config.internalTransactionAdvisor,mexWebTransactionManager,dataSource,sessionFactory,transactionManager,org.springframework.beans.factory.config.PropertyPlaceholderConfigurer#0,org.springframework.context.annotation.ConfigurationClassPostProcessor$ImportAwareBeanPostProcessor#0]; root of factory hierarchy
07:43:03,363  INFO ClassPathXmlApplicationContext:495 - Refreshing org.springframework.context.support.ClassPathXmlApplicationContext@162db19d: startup date [Fri May 03 07:43:03 CDT 2013]; root of context hierarchy
07:43:03,489  INFO XmlBeanDefinitionReader:315 - Loading XML bean definitions from class path resource [model/context/applicationContext.xml]
07:43:04,475  INFO PropertyPlaceholderConfigurer:177 - Loading properties file from class path resource [model/database/jdbc.properties]
07:43:04,555  INFO DefaultListableBeanFactory:557 - Pre-instantiating singletons in org.springframework.beans.factory.support.DefaultListableBeanFactory@3de6696c: defining beans [org.springframework.context.annotation.internalConfigurationAnnotationProcessor,org.springframework.context.annotation.internalAutowiredAnnotationProcessor,org.springframework.context.annotation.internalRequiredAnnotationProcessor,org.springframework.context.annotation.internalCommonAnnotationProcessor,org.springframework.context.annotation.internalPersistenceAnnotationProcessor,mobileAuthenticationService,menuDAO,usuarioWebmxDAO,authenticationService,menuService,confSistemaDAO,confSistemaService,confQueryDAO,confQueryService,mexWebDatasource,mexWebSessionFactory,org.springframework.aop.config.internalAutoProxyCreator,org.springframework.transaction.annotation.AnnotationTransactionAttributeSource#0,org.springframework.transaction.interceptor.TransactionInterceptor#0,org.springframework.transaction.config.internalTransactionAdvisor,mexWebTransactionManager,dataSource,sessionFactory,transactionManager,org.springframework.beans.factory.config.PropertyPlaceholderConfigurer#0,org.springframework.context.annotation.ConfigurationClassPostProcessor$ImportAwareBeanPostProcessor#0]; root of factory hierarchy
07:43:04,811  INFO MLog:80 - MLog clients using log4j logging.
07:43:04,998  INFO C3P0Registry:204 - Initializing c3p0-0.9.1 [built 16-January-2007 14:46:42; debug? true; trace: 10]
07:43:06,141  INFO AnnotationSessionFactoryBean:777 - Building new Hibernate SessionFactory
07:43:06,268  INFO AbstractPoolBackedDataSource:462 - Initializing c3p0 pool... com.mchange.v2.c3p0.ComboPooledDataSource [ acquireIncrement -> 3, acquireRetryAttempts -> 30, acquireRetryDelay -> 1000, autoCommitOnClose -> false, automaticTestTable -> null, breakAfterAcquireFailure -> false, checkoutTimeout -> 0, connectionCustomizerClassName -> null, connectionTesterClassName -> com.mchange.v2.c3p0.impl.DefaultConnectionTester, dataSourceName -> 1hge14y8utiyzot19iwezm|41d144a4, debugUnreturnedConnectionStackTraces -> false, description -> null, driverClass -> oracle.jdbc.OracleDriver, factoryClassLocation -> null, forceIgnoreUnresolvedTransactions -> false, identityToken -> 1hge14y8utiyzot19iwezm|41d144a4, idleConnectionTestPeriod -> 0, initialPoolSize -> 3, jdbcUrl -> jdbc:oracle:thin:@localhost:1521:xe, lastAcquisitionFailureDefaultUser -> null, maxAdministrativeTaskTime -> 0, maxConnectionAge -> 0, maxIdleTime -> 0, maxIdleTimeExcessConnections -> 0, maxPoolSize -> 15, maxStatements -> 0, maxStatementsPerConnection -> 0, minPoolSize -> 3, numHelperThreads -> 3, numThreadsAwaitingCheckoutDefaultUser -> 0, preferredTestQuery -> null, properties -> {user=******, password=******}, propertyCycle -> 0, testConnectionOnCheckin -> false, testConnectionOnCheckout -> false, unreturnedConnectionTimeout -> 0, usesTraditionalReflectiveProxies -> false ]
07:43:07,393  INFO AnnotationSessionFactoryBean:777 - Building new Hibernate SessionFactory
07:43:07,412  INFO AbstractPoolBackedDataSource:462 - Initializing c3p0 pool... com.mchange.v2.c3p0.ComboPooledDataSource [ acquireIncrement -> 3, acquireRetryAttempts -> 30, acquireRetryDelay -> 1000, autoCommitOnClose -> false, automaticTestTable -> null, breakAfterAcquireFailure -> false, checkoutTimeout -> 0, connectionCustomizerClassName -> null, connectionTesterClassName -> com.mchange.v2.c3p0.impl.DefaultConnectionTester, dataSourceName -> 1hge14y8utiyzot19iwezm|6e8d1800, debugUnreturnedConnectionStackTraces -> false, description -> null, driverClass -> oracle.jdbc.OracleDriver, factoryClassLocation -> null, forceIgnoreUnresolvedTransactions -> false, identityToken -> 1hge14y8utiyzot19iwezm|6e8d1800, idleConnectionTestPeriod -> 0, initialPoolSize -> 3, jdbcUrl -> jdbc:oracle:thin:@localhost:1521:xe, lastAcquisitionFailureDefaultUser -> null, maxAdministrativeTaskTime -> 0, maxConnectionAge -> 0, maxIdleTime -> 0, maxIdleTimeExcessConnections -> 0, maxPoolSize -> 15, maxStatements -> 0, maxStatementsPerConnection -> 0, minPoolSize -> 3, numHelperThreads -> 3, numThreadsAwaitingCheckoutDefaultUser -> 0, preferredTestQuery -> null, properties -> {user=******, password=******}, propertyCycle -> 0, testConnectionOnCheckin -> false, testConnectionOnCheckout -> false, unreturnedConnectionTimeout -> 0, usesTraditionalReflectiveProxies -> false ]
07:43:07,583  INFO DefaultListableBeanFactory:433 - Destroying singletons in org.springframework.beans.factory.support.DefaultListableBeanFactory@3de6696c: defining beans [org.springframework.context.annotation.internalConfigurationAnnotationProcessor,org.springframework.context.annotation.internalAutowiredAnnotationProcessor,org.springframework.context.annotation.internalRequiredAnnotationProcessor,org.springframework.context.annotation.internalCommonAnnotationProcessor,org.springframework.context.annotation.internalPersistenceAnnotationProcessor,mobileAuthenticationService,menuDAO,usuarioWebmxDAO,authenticationService,menuService,confSistemaDAO,confSistemaService,confQueryDAO,confQueryService,mexWebDatasource,mexWebSessionFactory,org.springframework.aop.config.internalAutoProxyCreator,org.springframework.transaction.annotation.AnnotationTransactionAttributeSource#0,org.springframework.transaction.interceptor.TransactionInterceptor#0,org.springframework.transaction.config.internalTransactionAdvisor,mexWebTransactionManager,dataSource,sessionFactory,transactionManager,org.springframework.beans.factory.config.PropertyPlaceholderConfigurer#0,org.springframework.context.annotation.ConfigurationClassPostProcessor$ImportAwareBeanPostProcessor#0]; root of factory hierarchy
07:43:07,600  INFO AnnotationSessionFactoryBean:223 - Closing Hibernate SessionFactory
07:43:07,606  INFO AnnotationSessionFactoryBean:223 - Closing Hibernate SessionFactory
07:46:29,656  INFO ClassPathXmlApplicationContext:495 - Refreshing org.springframework.context.support.ClassPathXmlApplicationContext@162db19d: startup date [Fri May 03 07:46:29 CDT 2013]; root of context hierarchy
07:46:29,768  INFO XmlBeanDefinitionReader:315 - Loading XML bean definitions from class path resource [model/context/applicationContext.xml]
07:46:30,754  INFO PropertyPlaceholderConfigurer:177 - Loading properties file from class path resource [model/database/jdbc.properties]
07:46:30,839  INFO DefaultListableBeanFactory:557 - Pre-instantiating singletons in org.springframework.beans.factory.support.DefaultListableBeanFactory@69408a75: defining beans [org.springframework.context.annotation.internalConfigurationAnnotationProcessor,org.springframework.context.annotation.internalAutowiredAnnotationProcessor,org.springframework.context.annotation.internalRequiredAnnotationProcessor,org.springframework.context.annotation.internalCommonAnnotationProcessor,org.springframework.context.annotation.internalPersistenceAnnotationProcessor,mobileAccessDAO,mobileTransactionDAO,mobileAuthenticationService,menuDAO,usuarioWebmxDAO,authenticationService,menuService,confSistemaDAO,confSistemaService,confQueryDAO,confQueryService,mexWebDatasource,mexWebSessionFactory,org.springframework.aop.config.internalAutoProxyCreator,org.springframework.transaction.annotation.AnnotationTransactionAttributeSource#0,org.springframework.transaction.interceptor.TransactionInterceptor#0,org.springframework.transaction.config.internalTransactionAdvisor,mexWebTransactionManager,dataSource,sessionFactory,transactionManager,org.springframework.beans.factory.config.PropertyPlaceholderConfigurer#0,org.springframework.context.annotation.ConfigurationClassPostProcessor$ImportAwareBeanPostProcessor#0]; root of factory hierarchy
07:46:31,051  INFO MLog:80 - MLog clients using log4j logging.
07:46:31,243  INFO C3P0Registry:204 - Initializing c3p0-0.9.1 [built 16-January-2007 14:46:42; debug? true; trace: 10]
07:46:32,427  INFO AnnotationSessionFactoryBean:777 - Building new Hibernate SessionFactory
07:46:32,559  INFO AbstractPoolBackedDataSource:462 - Initializing c3p0 pool... com.mchange.v2.c3p0.ComboPooledDataSource [ acquireIncrement -> 3, acquireRetryAttempts -> 30, acquireRetryDelay -> 1000, autoCommitOnClose -> false, automaticTestTable -> null, breakAfterAcquireFailure -> false, checkoutTimeout -> 0, connectionCustomizerClassName -> null, connectionTesterClassName -> com.mchange.v2.c3p0.impl.DefaultConnectionTester, dataSourceName -> 1hge14y8utj3etp2leju3|4ad2efa1, debugUnreturnedConnectionStackTraces -> false, description -> null, driverClass -> oracle.jdbc.OracleDriver, factoryClassLocation -> null, forceIgnoreUnresolvedTransactions -> false, identityToken -> 1hge14y8utj3etp2leju3|4ad2efa1, idleConnectionTestPeriod -> 0, initialPoolSize -> 3, jdbcUrl -> jdbc:oracle:thin:@localhost:1521:xe, lastAcquisitionFailureDefaultUser -> null, maxAdministrativeTaskTime -> 0, maxConnectionAge -> 0, maxIdleTime -> 0, maxIdleTimeExcessConnections -> 0, maxPoolSize -> 15, maxStatements -> 0, maxStatementsPerConnection -> 0, minPoolSize -> 3, numHelperThreads -> 3, numThreadsAwaitingCheckoutDefaultUser -> 0, preferredTestQuery -> null, properties -> {user=******, password=******}, propertyCycle -> 0, testConnectionOnCheckin -> false, testConnectionOnCheckout -> false, unreturnedConnectionTimeout -> 0, usesTraditionalReflectiveProxies -> false ]
07:46:33,581  INFO AnnotationSessionFactoryBean:777 - Building new Hibernate SessionFactory
07:46:33,614  INFO AbstractPoolBackedDataSource:462 - Initializing c3p0 pool... com.mchange.v2.c3p0.ComboPooledDataSource [ acquireIncrement -> 3, acquireRetryAttempts -> 30, acquireRetryDelay -> 1000, autoCommitOnClose -> false, automaticTestTable -> null, breakAfterAcquireFailure -> false, checkoutTimeout -> 0, connectionCustomizerClassName -> null, connectionTesterClassName -> com.mchange.v2.c3p0.impl.DefaultConnectionTester, dataSourceName -> 1hge14y8utj3etp2leju3|7a4e9675, debugUnreturnedConnectionStackTraces -> false, description -> null, driverClass -> oracle.jdbc.OracleDriver, factoryClassLocation -> null, forceIgnoreUnresolvedTransactions -> false, identityToken -> 1hge14y8utj3etp2leju3|7a4e9675, idleConnectionTestPeriod -> 0, initialPoolSize -> 3, jdbcUrl -> jdbc:oracle:thin:@localhost:1521:xe, lastAcquisitionFailureDefaultUser -> null, maxAdministrativeTaskTime -> 0, maxConnectionAge -> 0, maxIdleTime -> 0, maxIdleTimeExcessConnections -> 0, maxPoolSize -> 15, maxStatements -> 0, maxStatementsPerConnection -> 0, minPoolSize -> 3, numHelperThreads -> 3, numThreadsAwaitingCheckoutDefaultUser -> 0, preferredTestQuery -> null, properties -> {user=******, password=******}, propertyCycle -> 0, testConnectionOnCheckin -> false, testConnectionOnCheckout -> false, unreturnedConnectionTimeout -> 0, usesTraditionalReflectiveProxies -> false ]
07:46:34,159  INFO HibernateTransactionManager:415 - Using DataSource [com.mchange.v2.c3p0.ComboPooledDataSource [ acquireIncrement -> 3, acquireRetryAttempts -> 30, acquireRetryDelay -> 1000, autoCommitOnClose -> false, automaticTestTable -> null, breakAfterAcquireFailure -> false, checkoutTimeout -> 0, connectionCustomizerClassName -> null, connectionTesterClassName -> com.mchange.v2.c3p0.impl.DefaultConnectionTester, dataSourceName -> 1hge14y8utj3etp2leju3|4ad2efa1, debugUnreturnedConnectionStackTraces -> false, description -> null, driverClass -> oracle.jdbc.OracleDriver, factoryClassLocation -> null, forceIgnoreUnresolvedTransactions -> false, identityToken -> 1hge14y8utj3etp2leju3|4ad2efa1, idleConnectionTestPeriod -> 0, initialPoolSize -> 3, jdbcUrl -> jdbc:oracle:thin:@localhost:1521:xe, lastAcquisitionFailureDefaultUser -> null, maxAdministrativeTaskTime -> 0, maxConnectionAge -> 0, maxIdleTime -> 0, maxIdleTimeExcessConnections -> 0, maxPoolSize -> 15, maxStatements -> 0, maxStatementsPerConnection -> 0, minPoolSize -> 3, numHelperThreads -> 3, numThreadsAwaitingCheckoutDefaultUser -> 0, preferredTestQuery -> null, properties -> {user=******, password=******}, propertyCycle -> 0, testConnectionOnCheckin -> false, testConnectionOnCheckout -> false, unreturnedConnectionTimeout -> 0, usesTraditionalReflectiveProxies -> false ]] of Hibernate SessionFactory for HibernateTransactionManager
07:46:34,175  INFO HibernateTransactionManager:415 - Using DataSource [com.mchange.v2.c3p0.ComboPooledDataSource [ acquireIncrement -> 3, acquireRetryAttempts -> 30, acquireRetryDelay -> 1000, autoCommitOnClose -> false, automaticTestTable -> null, breakAfterAcquireFailure -> false, checkoutTimeout -> 0, connectionCustomizerClassName -> null, connectionTesterClassName -> com.mchange.v2.c3p0.impl.DefaultConnectionTester, dataSourceName -> 1hge14y8utj3etp2leju3|7a4e9675, debugUnreturnedConnectionStackTraces -> false, description -> null, driverClass -> oracle.jdbc.OracleDriver, factoryClassLocation -> null, forceIgnoreUnresolvedTransactions -> false, identityToken -> 1hge14y8utj3etp2leju3|7a4e9675, idleConnectionTestPeriod -> 0, initialPoolSize -> 3, jdbcUrl -> jdbc:oracle:thin:@localhost:1521:xe, lastAcquisitionFailureDefaultUser -> null, maxAdministrativeTaskTime -> 0, maxConnectionAge -> 0, maxIdleTime -> 0, maxIdleTimeExcessConnections -> 0, maxPoolSize -> 15, maxStatements -> 0, maxStatementsPerConnection -> 0, minPoolSize -> 3, numHelperThreads -> 3, numThreadsAwaitingCheckoutDefaultUser -> 0, preferredTestQuery -> null, properties -> {user=******, password=******}, propertyCycle -> 0, testConnectionOnCheckin -> false, testConnectionOnCheckout -> false, unreturnedConnectionTimeout -> 0, usesTraditionalReflectiveProxies -> false ]] of Hibernate SessionFactory for HibernateTransactionManager
07:47:01,119 ERROR JDBCExceptionReporter:234 - ORA-02289: no existe la secuencia

07:47:01,124 ERROR AbstractDebug:31 - 
org.hibernate.exception.SQLGrammarException: could not get next sequence value
	at org.hibernate.exception.SQLStateConverter.convert(SQLStateConverter.java:92)
	at org.hibernate.exception.JDBCExceptionHelper.convert(JDBCExceptionHelper.java:66)
	at org.hibernate.id.SequenceGenerator.generateHolder(SequenceGenerator.java:132)
	at org.hibernate.id.SequenceGenerator.generate(SequenceGenerator.java:105)
	at org.hibernate.event.def.AbstractSaveEventListener.saveWithGeneratedId(AbstractSaveEventListener.java:121)
	at org.hibernate.event.def.DefaultSaveOrUpdateEventListener.saveWithGeneratedOrRequestedId(DefaultSaveOrUpdateEventListener.java:210)
	at org.hibernate.event.def.DefaultSaveEventListener.saveWithGeneratedOrRequestedId(DefaultSaveEventListener.java:56)
	at org.hibernate.event.def.DefaultSaveOrUpdateEventListener.entityIsTransient(DefaultSaveOrUpdateEventListener.java:195)
	at org.hibernate.event.def.DefaultSaveEventListener.performSaveOrUpdate(DefaultSaveEventListener.java:50)
	at org.hibernate.event.def.DefaultSaveOrUpdateEventListener.onSaveOrUpdate(DefaultSaveOrUpdateEventListener.java:93)
	at org.hibernate.impl.SessionImpl.fireSave(SessionImpl.java:713)
	at org.hibernate.impl.SessionImpl.save(SessionImpl.java:701)
	at org.hibernate.impl.SessionImpl.save(SessionImpl.java:697)
	at sun.reflect.NativeMethodAccessorImpl.invoke0(Native Method)
	at sun.reflect.NativeMethodAccessorImpl.invoke(NativeMethodAccessorImpl.java:39)
	at sun.reflect.DelegatingMethodAccessorImpl.invoke(DelegatingMethodAccessorImpl.java:25)
	at java.lang.reflect.Method.invoke(Method.java:597)
	at org.hibernate.context.ThreadLocalSessionContext$TransactionProtectionWrapper.invoke(ThreadLocalSessionContext.java:345)
	at $Proxy36.save(Unknown Source)
	at org.kudytech.core.common.dao.impl.GenericDAOImpl.save(GenericDAOImpl.java:130)
	at sun.reflect.NativeMethodAccessorImpl.invoke0(Native Method)
	at sun.reflect.NativeMethodAccessorImpl.invoke(NativeMethodAccessorImpl.java:39)
	at sun.reflect.DelegatingMethodAccessorImpl.invoke(DelegatingMethodAccessorImpl.java:25)
	at java.lang.reflect.Method.invoke(Method.java:597)
	at org.springframework.aop.support.AopUtils.invokeJoinpointUsingReflection(AopUtils.java:318)
	at org.springframework.aop.framework.ReflectiveMethodInvocation.invokeJoinpoint(ReflectiveMethodInvocation.java:183)
	at org.springframework.aop.framework.ReflectiveMethodInvocation.proceed(ReflectiveMethodInvocation.java:150)
	at org.springframework.transaction.interceptor.TransactionInterceptor.invoke(TransactionInterceptor.java:110)
	at org.springframework.aop.framework.ReflectiveMethodInvocation.proceed(ReflectiveMethodInvocation.java:172)
	at org.springframework.aop.framework.JdkDynamicAopProxy.invoke(JdkDynamicAopProxy.java:202)
	at $Proxy26.save(Unknown Source)
	at org.kudytech.mobile.security.service.impl.MobileAuthenticationServiceImpl.login(MobileAuthenticationServiceImpl.java:58)
	at org.kudytech.mobile.security.service.MobileAuthenticationServiceTest.testLogin(MobileAuthenticationServiceTest.java:33)
	at sun.reflect.NativeMethodAccessorImpl.invoke0(Native Method)
	at sun.reflect.NativeMethodAccessorImpl.invoke(NativeMethodAccessorImpl.java:39)
	at sun.reflect.DelegatingMethodAccessorImpl.invoke(DelegatingMethodAccessorImpl.java:25)
	at java.lang.reflect.Method.invoke(Method.java:597)
	at org.junit.runners.model.FrameworkMethod$1.runReflectiveCall(FrameworkMethod.java:47)
	at org.junit.internal.runners.model.ReflectiveCallable.run(ReflectiveCallable.java:12)
	at org.junit.runners.model.FrameworkMethod.invokeExplosively(FrameworkMethod.java:44)
	at org.junit.internal.runners.statements.InvokeMethod.evaluate(InvokeMethod.java:17)
	at org.junit.runners.ParentRunner.runLeaf(ParentRunner.java:271)
	at org.junit.runners.BlockJUnit4ClassRunner.runChild(BlockJUnit4ClassRunner.java:70)
	at org.junit.runners.BlockJUnit4ClassRunner.runChild(BlockJUnit4ClassRunner.java:50)
	at org.junit.runners.ParentRunner$3.run(ParentRunner.java:238)
	at org.junit.runners.ParentRunner$1.schedule(ParentRunner.java:63)
	at org.junit.runners.ParentRunner.runChildren(ParentRunner.java:236)
	at org.junit.runners.ParentRunner.access$000(ParentRunner.java:53)
	at org.junit.runners.ParentRunner$2.evaluate(ParentRunner.java:229)
	at org.junit.runners.ParentRunner.run(ParentRunner.java:309)
	at org.apache.maven.surefire.junit4.JUnit4TestSet.execute(JUnit4TestSet.java:35)
	at org.apache.maven.surefire.junit4.JUnit4Provider.executeTestSet(JUnit4Provider.java:115)
	at org.apache.maven.surefire.junit4.JUnit4Provider.invoke(JUnit4Provider.java:97)
	at sun.reflect.NativeMethodAccessorImpl.invoke0(Native Method)
	at sun.reflect.NativeMethodAccessorImpl.invoke(NativeMethodAccessorImpl.java:39)
	at sun.reflect.DelegatingMethodAccessorImpl.invoke(DelegatingMethodAccessorImpl.java:25)
	at java.lang.reflect.Method.invoke(Method.java:597)
	at org.apache.maven.surefire.booter.ProviderFactory$ClassLoaderProxy.invoke(ProviderFactory.java:103)
	at $Proxy0.invoke(Unknown Source)
	at org.apache.maven.surefire.booter.SurefireStarter.invokeProvider(SurefireStarter.java:150)
	at org.apache.maven.surefire.booter.SurefireStarter.runSuitesInProcess(SurefireStarter.java:91)
	at org.apache.maven.surefire.booter.ForkedBooter.main(ForkedBooter.java:69)
Caused by: java.sql.SQLException: ORA-02289: no existe la secuencia

	at oracle.jdbc.driver.DatabaseError.throwSqlException(DatabaseError.java:112)
	at oracle.jdbc.driver.T4CTTIoer.processError(T4CTTIoer.java:331)
	at oracle.jdbc.driver.T4CTTIoer.processError(T4CTTIoer.java:288)
	at oracle.jdbc.driver.T4C8Oall.receive(T4C8Oall.java:745)
	at oracle.jdbc.driver.T4CPreparedStatement.doOall8(T4CPreparedStatement.java:219)
	at oracle.jdbc.driver.T4CPreparedStatement.executeForDescribe(T4CPreparedStatement.java:813)
	at oracle.jdbc.driver.OracleStatement.executeMaybeDescribe(OracleStatement.java:1049)
	at oracle.jdbc.driver.T4CPreparedStatement.executeMaybeDescribe(T4CPreparedStatement.java:854)
	at oracle.jdbc.driver.OracleStatement.doExecuteWithTimeout(OracleStatement.java:1154)
	at oracle.jdbc.driver.OraclePreparedStatement.executeInternal(OraclePreparedStatement.java:3370)
	at oracle.jdbc.driver.OraclePreparedStatement.executeQuery(OraclePreparedStatement.java:3415)
	at com.mchange.v2.c3p0.impl.NewProxyPreparedStatement.executeQuery(NewProxyPreparedStatement.java:76)
	at org.hibernate.id.SequenceGenerator.generateHolder(SequenceGenerator.java:112)
	... 59 more
08:14:07,113  INFO ClassPathXmlApplicationContext:495 - Refreshing org.springframework.context.support.ClassPathXmlApplicationContext@162db19d: startup date [Fri May 03 08:14:07 CDT 2013]; root of context hierarchy
08:14:07,254  INFO XmlBeanDefinitionReader:315 - Loading XML bean definitions from class path resource [model/context/applicationContext.xml]
08:14:08,479  INFO PropertyPlaceholderConfigurer:177 - Loading properties file from class path resource [model/database/jdbc.properties]
08:14:08,604  INFO DefaultListableBeanFactory:557 - Pre-instantiating singletons in org.springframework.beans.factory.support.DefaultListableBeanFactory@53458dcb: defining beans [org.springframework.context.annotation.internalConfigurationAnnotationProcessor,org.springframework.context.annotation.internalAutowiredAnnotationProcessor,org.springframework.context.annotation.internalRequiredAnnotationProcessor,org.springframework.context.annotation.internalCommonAnnotationProcessor,org.springframework.context.annotation.internalPersistenceAnnotationProcessor,mobileAccessDAO,mobileTransactionDAO,mobileAuthenticationService,menuDAO,usuarioWebmxDAO,authenticationService,menuService,confSistemaDAO,confSistemaService,confQueryDAO,confQueryService,mexWebDatasource,mexWebSessionFactory,org.springframework.aop.config.internalAutoProxyCreator,org.springframework.transaction.annotation.AnnotationTransactionAttributeSource#0,org.springframework.transaction.interceptor.TransactionInterceptor#0,org.springframework.transaction.config.internalTransactionAdvisor,mexWebTransactionManager,dataSource,sessionFactory,transactionManager,org.springframework.beans.factory.config.PropertyPlaceholderConfigurer#0,org.springframework.context.annotation.ConfigurationClassPostProcessor$ImportAwareBeanPostProcessor#0]; root of factory hierarchy
08:14:08,867  INFO MLog:80 - MLog clients using log4j logging.
08:14:09,113  INFO C3P0Registry:204 - Initializing c3p0-0.9.1 [built 16-January-2007 14:46:42; debug? true; trace: 10]
08:14:10,753  INFO AnnotationSessionFactoryBean:777 - Building new Hibernate SessionFactory
08:14:10,942  INFO AbstractPoolBackedDataSource:462 - Initializing c3p0 pool... com.mchange.v2.c3p0.ComboPooledDataSource [ acquireIncrement -> 3, acquireRetryAttempts -> 30, acquireRetryDelay -> 1000, autoCommitOnClose -> false, automaticTestTable -> null, breakAfterAcquireFailure -> false, checkoutTimeout -> 0, connectionCustomizerClassName -> null, connectionTesterClassName -> com.mchange.v2.c3p0.impl.DefaultConnectionTester, dataSourceName -> 1hge14y8utk2y0r1dsjwih|7b0b23cf, debugUnreturnedConnectionStackTraces -> false, description -> null, driverClass -> oracle.jdbc.OracleDriver, factoryClassLocation -> null, forceIgnoreUnresolvedTransactions -> false, identityToken -> 1hge14y8utk2y0r1dsjwih|7b0b23cf, idleConnectionTestPeriod -> 0, initialPoolSize -> 3, jdbcUrl -> jdbc:oracle:thin:@localhost:1521:xe, lastAcquisitionFailureDefaultUser -> null, maxAdministrativeTaskTime -> 0, maxConnectionAge -> 0, maxIdleTime -> 0, maxIdleTimeExcessConnections -> 0, maxPoolSize -> 15, maxStatements -> 0, maxStatementsPerConnection -> 0, minPoolSize -> 3, numHelperThreads -> 3, numThreadsAwaitingCheckoutDefaultUser -> 0, preferredTestQuery -> null, properties -> {user=******, password=******}, propertyCycle -> 0, testConnectionOnCheckin -> false, testConnectionOnCheckout -> false, unreturnedConnectionTimeout -> 0, usesTraditionalReflectiveProxies -> false ]
08:14:12,193  INFO AnnotationSessionFactoryBean:777 - Building new Hibernate SessionFactory
08:14:12,215  INFO AbstractPoolBackedDataSource:462 - Initializing c3p0 pool... com.mchange.v2.c3p0.ComboPooledDataSource [ acquireIncrement -> 3, acquireRetryAttempts -> 30, acquireRetryDelay -> 1000, autoCommitOnClose -> false, automaticTestTable -> null, breakAfterAcquireFailure -> false, checkoutTimeout -> 0, connectionCustomizerClassName -> null, connectionTesterClassName -> com.mchange.v2.c3p0.impl.DefaultConnectionTester, dataSourceName -> 1hge14y8utk2y0r1dsjwih|7d41cd01, debugUnreturnedConnectionStackTraces -> false, description -> null, driverClass -> oracle.jdbc.OracleDriver, factoryClassLocation -> null, forceIgnoreUnresolvedTransactions -> false, identityToken -> 1hge14y8utk2y0r1dsjwih|7d41cd01, idleConnectionTestPeriod -> 0, initialPoolSize -> 3, jdbcUrl -> jdbc:oracle:thin:@localhost:1521:xe, lastAcquisitionFailureDefaultUser -> null, maxAdministrativeTaskTime -> 0, maxConnectionAge -> 0, maxIdleTime -> 0, maxIdleTimeExcessConnections -> 0, maxPoolSize -> 15, maxStatements -> 0, maxStatementsPerConnection -> 0, minPoolSize -> 3, numHelperThreads -> 3, numThreadsAwaitingCheckoutDefaultUser -> 0, preferredTestQuery -> null, properties -> {user=******, password=******}, propertyCycle -> 0, testConnectionOnCheckin -> false, testConnectionOnCheckout -> false, unreturnedConnectionTimeout -> 0, usesTraditionalReflectiveProxies -> false ]
08:14:12,716  INFO HibernateTransactionManager:415 - Using DataSource [com.mchange.v2.c3p0.ComboPooledDataSource [ acquireIncrement -> 3, acquireRetryAttempts -> 30, acquireRetryDelay -> 1000, autoCommitOnClose -> false, automaticTestTable -> null, breakAfterAcquireFailure -> false, checkoutTimeout -> 0, connectionCustomizerClassName -> null, connectionTesterClassName -> com.mchange.v2.c3p0.impl.DefaultConnectionTester, dataSourceName -> 1hge14y8utk2y0r1dsjwih|7b0b23cf, debugUnreturnedConnectionStackTraces -> false, description -> null, driverClass -> oracle.jdbc.OracleDriver, factoryClassLocation -> null, forceIgnoreUnresolvedTransactions -> false, identityToken -> 1hge14y8utk2y0r1dsjwih|7b0b23cf, idleConnectionTestPeriod -> 0, initialPoolSize -> 3, jdbcUrl -> jdbc:oracle:thin:@localhost:1521:xe, lastAcquisitionFailureDefaultUser -> null, maxAdministrativeTaskTime -> 0, maxConnectionAge -> 0, maxIdleTime -> 0, maxIdleTimeExcessConnections -> 0, maxPoolSize -> 15, maxStatements -> 0, maxStatementsPerConnection -> 0, minPoolSize -> 3, numHelperThreads -> 3, numThreadsAwaitingCheckoutDefaultUser -> 0, preferredTestQuery -> null, properties -> {user=******, password=******}, propertyCycle -> 0, testConnectionOnCheckin -> false, testConnectionOnCheckout -> false, unreturnedConnectionTimeout -> 0, usesTraditionalReflectiveProxies -> false ]] of Hibernate SessionFactory for HibernateTransactionManager
08:14:12,735  INFO HibernateTransactionManager:415 - Using DataSource [com.mchange.v2.c3p0.ComboPooledDataSource [ acquireIncrement -> 3, acquireRetryAttempts -> 30, acquireRetryDelay -> 1000, autoCommitOnClose -> false, automaticTestTable -> null, breakAfterAcquireFailure -> false, checkoutTimeout -> 0, connectionCustomizerClassName -> null, connectionTesterClassName -> com.mchange.v2.c3p0.impl.DefaultConnectionTester, dataSourceName -> 1hge14y8utk2y0r1dsjwih|7d41cd01, debugUnreturnedConnectionStackTraces -> false, description -> null, driverClass -> oracle.jdbc.OracleDriver, factoryClassLocation -> null, forceIgnoreUnresolvedTransactions -> false, identityToken -> 1hge14y8utk2y0r1dsjwih|7d41cd01, idleConnectionTestPeriod -> 0, initialPoolSize -> 3, jdbcUrl -> jdbc:oracle:thin:@localhost:1521:xe, lastAcquisitionFailureDefaultUser -> null, maxAdministrativeTaskTime -> 0, maxConnectionAge -> 0, maxIdleTime -> 0, maxIdleTimeExcessConnections -> 0, maxPoolSize -> 15, maxStatements -> 0, maxStatementsPerConnection -> 0, minPoolSize -> 3, numHelperThreads -> 3, numThreadsAwaitingCheckoutDefaultUser -> 0, preferredTestQuery -> null, properties -> {user=******, password=******}, propertyCycle -> 0, testConnectionOnCheckin -> false, testConnectionOnCheckout -> false, unreturnedConnectionTimeout -> 0, usesTraditionalReflectiveProxies -> false ]] of Hibernate SessionFactory for HibernateTransactionManager
